2014-04-03 23:09:25.341 HelloCordova[84436:a0b] Multi-tasking -> Device: YES, App: YES
2014-04-03 23:09:25.375 HelloCordova[84436:a0b] Unlimited access to network resources
2014-04-03 23:09:25.869 HelloCordova[84436:a0b] Resetting plugins due to page load.
2014-04-03 23:09:26.090 HelloCordova[84436:a0b] Finished load of: file:///Users/pmn/Library/Application%20Support/iPhone%20Simulator/7.0/Applications/474C2A3C-9222-4E17-A067-95E68CA96C93/HelloCordova.app/www/index.html#/home
2014-04-03 23:10:29.548 HelloCordova[84794:a0b] Multi-tasking -> Device: YES, App: YES
2014-04-03 23:10:29.564 HelloCordova[84794:a0b] Unlimited access to network resources
2014-04-03 23:10:29.750 HelloCordova[84794:a0b] Resetting plugins due to page load.
2014-04-03 23:10:30.037 HelloCordova[84794:a0b] Finished load of: file:///Users/pmn/Library/Application%20Support/iPhone%20Simulator/7.0/Applications/474C2A3C-9222-4E17-A067-95E68CA96C93/HelloCordova.app/www/index.html#/home
2014-04-07 16:40:21.579 HelloCordova[92742:a0b] Multi-tasking -> Device: YES, App: YES
2014-04-07 16:40:21.645 HelloCordova[92742:a0b] Unlimited access to network resources
2014-04-07 16:40:22.358 HelloCordova[92742:a0b] Resetting plugins due to page load.
2014-04-07 16:40:22.622 HelloCordova[92742:a0b] Finished load of: file:///home
2014-04-07 16:43:59.621 HelloCordova[93232:a0b] Multi-tasking -> Device: YES, App: YES
2014-04-07 16:43:59.712 HelloCordova[93232:a0b] Unlimited access to network resources
2014-04-07 16:44:00.120 HelloCordova[93232:a0b] Resetting plugins due to page load.
2014-04-07 16:44:00.321 HelloCordova[93232:a0b] Finished load of: file:///home
2014-04-07 16:45:26.780 HelloCordova[93482:a0b] Multi-tasking -> Device: YES, App: YES
2014-04-07 16:45:26.795 HelloCordova[93482:a0b] Unlimited access to network resources
2014-04-07 16:45:26.923 HelloCordova[93482:a0b] Resetting plugins due to page load.
2014-04-07 16:45:27.308 HelloCordova[93482:a0b] Finished load of: file:///home
